<?xml version="1.0" encoding="UTF-8"?>
<testsuite name="MoveTest" tests="3" skipped="0" failures="0" errors="0" timestamp="2021-04-23T21:09:55" hostname="ROG-HELIOS" time="0.027">
  <properties/>
  <testcase name="testMoveToString()" classname="MoveTest" time="0.006"/>
  <testcase name="testMoveInvalidNameFails()" classname="MoveTest" time="0.014"/>
  <testcase name="testMoveHasCorrectLabels()" classname="MoveTest" time="0.006"/>
  <system-out><![CDATA[]]></system-out>
  <system-err><![CDATA[]]></system-err>
</testsuite>
