<?xml version="1.0" encoding="UTF-8"?>
<testsuite name="main.PokemonBattleSimulatorTest" tests="1" skipped="0" failures="0" errors="0" timestamp="2021-04-29T18:02:31" hostname="ROG-HELIOS" time="0.026">
  <properties/>
  <testcase name="testDisplayArt()" classname="main.PokemonBattleSimulatorTest" time="0.026"/>
  <system-out><![CDATA[]]></system-out>
  <system-err><![CDATA[]]></system-err>
</testsuite>
